<?xml version="1.0" encoding="UTF-8"?>
<testng-results ignored="0" total="1" passed="1" failed="0" skipped="0">
  <reporter-output>
  </reporter-output>
  <suite started-at="2024-12-17T11:58:21 IST" name="Surefire suite" finished-at="2024-12-17T11:59:10 IST" duration-ms="48564">
    <groups>
      <group name="cucumber">
        <method signature="AbstractTestNGCucumberTests.runScenario(io.cucumber.testng.PickleWrapper,io.cucumber.testng.FeatureWrapper)[pri:0, instance:com.mobisoft.common.cucumberOptions.TestNGTestRunner@1e730495]" name="runScenario" class="io.cucumber.testng.AbstractTestNGCucumberTests"/>
      </group> <!-- cucumber -->
    </groups>
    <test started-at="2024-12-17T11:58:21 IST" name="Surefire test" finished-at="2024-12-17T11:59:10 IST" duration-ms="48564">
      <class name="com.mobisoft.common.cucumberOptions.TestNGTestRunner">
        <test-method is-config="true" signature="setUpClass(org.testng.ITestContext)[pri:0, instance:com.mobisoft.common.cucumberOptions.TestNGTestRunner@1e730495]" started-at="2024-12-17T11:58:21 IST" name="setUpClass" finished-at="2024-12-17T11:58:22 IST" duration-ms="354" status="PASS">
          <params>
            <param index="0">
              <value>
                <![CDATA[org.testng.TestRunner@444548a0]]>
              </value>
            </param>
          </params>
          <reporter-output>
          </reporter-output>
        </test-method> <!-- setUpClass -->
        <test-method signature="runScenario(io.cucumber.testng.PickleWrapper,io.cucumber.testng.FeatureWrapper)[pri:0, instance:com.mobisoft.common.cucumberOptions.TestNGTestRunner@1e730495]" started-at="2024-12-17T11:58:22 IST" name="runScenario" description="Runs Cucumber Scenarios" data-provider="scenarios" finished-at="2024-12-17T11:59:10 IST" duration-ms="47985" status="PASS">
          <params>
            <param index="0">
              <value>
                <![CDATA["verify user able to add new task and verify on grid"]]>
              </value>
            </param>
            <param index="1">
              <value>
                <![CDATA["Manage Task Test cases"]]>
              </value>
            </param>
          </params>
          <reporter-output>
          </reporter-output>
        </test-method> <!-- runScenario -->
        <test-method is-config="true" signature="tearDownClass()[pri:0, instance:com.mobisoft.common.cucumberOptions.TestNGTestRunner@1e730495]" started-at="2024-12-17T11:59:10 IST" name="tearDownClass" finished-at="2024-12-17T11:59:10 IST" duration-ms="189" status="PASS">
          <reporter-output>
          </reporter-output>
        </test-method> <!-- tearDownClass -->
      </class> <!-- com.mobisoft.common.cucumberOptions.TestNGTestRunner -->
    </test> <!-- Surefire test -->
  </suite> <!-- Surefire suite -->
</testng-results>
