<?xml version="1.0" encoding="UTF-8"?>
<!-- Generated by org.testng.reporters.JUnitReportReporter -->
<testsuite hostname="nileshingawale-MacBook-Pro.local" failures="1" tests="2" name="com.mobisoft.common.cucumberOptions.FailedTestRunner" time="193.785" errors="0" timestamp="2024-12-17T13:22:32 IST" skipped="0">
  <testcase classname="com.mobisoft.common.cucumberOptions.FailedTestRunner" name="runScenario" time="115.400"/>
  <testcase classname="com.mobisoft.common.cucumberOptions.FailedTestRunner" name="runScenario" time="78.385">
    <failure message="The following asserts failed:
	Incorrect page title, hence user seems to be not on dashboard page expected [Dashboard1] but found [Dashboard]" type="java.lang.AssertionError">
      <![CDATA[java.lang.AssertionError: The following asserts failed:
Incorrect page title, hence user seems to be not on dashboard page expected [Dashboard1] but found [Dashboard]
at org.testng.asserts.SoftAssert.assertAll(SoftAssert.java:46)
at org.testng.asserts.SoftAssert.assertAll(SoftAssert.java:30)
at com.mobisoft.common.stepDefinitions.LoginPageStepDefination.userShouldBeOnDashboardPage(LoginPageStepDefination.java:73)
at ✽.User should be on dashboard page(file:///Users/nileshingawale/Downloads/CucumberFramework/src/test/java/com/mobisoft/common/features/LoginPage.feature:14)
]]>
    </failure>
  </testcase> <!-- runScenario -->
</testsuite> <!-- com.mobisoft.common.cucumberOptions.FailedTestRunner -->
