<?xml version="1.0" encoding="UTF-8"?>
<!-- Generated by org.testng.reporters.JUnitReportReporter -->
<testsuite hostname="nileshingawale-MacBook-Pro.local" failures="0" tests="1" name="com.mobisoft.common.cucumberOptions.TestNGTestRunner" time="47.985" errors="0" timestamp="2024-12-17T11:59:15 IST" skipped="0">
  <testcase classname="com.mobisoft.common.cucumberOptions.TestNGTestRunner" name="runScenario" time="47.985"/>
</testsuite> <!-- com.mobisoft.common.cucumberOptions.TestNGTestRunner -->
